

Started GET "/" for 10.0.2.2 at 2014-04-30 15:09:11 +0000
Processing by Rails::WelcomeController#index as HTML
  Rendered /var/lib/gems/1.9.1/gems/railties-4.1.0/lib/rails/templates/rails/welcome/index.html.erb (4.3ms)
Completed 200 OK in 50ms (Views: 49.5ms | ActiveRecord: 0.0ms)


Started GET "/rails/info/properties" for 10.0.2.2 at 2014-04-30 15:10:20 +0000
Processing by Rails::InfoController#properties as */*
  Rendered /var/lib/gems/1.9.1/gems/railties-4.1.0/lib/rails/templates/rails/info/properties.html.erb (0.6ms)
Completed 200 OK in 89ms (Views: 11.8ms | ActiveRecord: 2.7ms)


Started GET "/" for 10.0.2.2 at 2014-05-07 13:37:37 +0000
Processing by Rails::WelcomeController#index as HTML
  Rendered /var/lib/gems/1.9.1/gems/railties-4.1.0/lib/rails/templates/rails/welcome/index.html.erb (10.8ms)
Completed 200 OK in 98ms (Views: 97.1ms | ActiveRecord: 0.0ms)


Started GET "/" for 10.0.2.2 at 2014-05-07 14:30:36 +0000
Processing by Rails::WelcomeController#index as HTML
  Rendered /var/lib/gems/1.9.1/gems/railties-4.1.0/lib/rails/templates/rails/welcome/index.html.erb (0.1ms)
Completed 200 OK in 4ms (Views: 2.9ms | ActiveRecord: 0.0ms)


Started GET "/" for 10.0.2.2 at 2014-05-07 14:52:57 +0000
Processing by Rails::WelcomeController#index as HTML
  Rendered /var/lib/gems/1.9.1/gems/railties-4.1.0/lib/rails/templates/rails/welcome/index.html.erb (0.1ms)
Completed 200 OK in 5ms (Views: 3.6ms | ActiveRecord: 0.0ms)
  [1m[36m (6.0ms)[0m  [1mCREATE TABLE "schema_migrations" ("version" varchar(255) NOT NULL) [0m
  [1m[35m (0.1ms)[0m  select sqlite_version(*)
  [1m[36m (3.1ms)[0m  [1mCREATE UNIQUE INDEX "unique_schema_migrations" ON "schema_migrations" ("version")[0m
  [1m[35mActiveRecord::SchemaMigration Load (0.2ms)[0m  SELECT "schema_migrations".* FROM "schema_migrations"
Migrating to CreateUsers (20140507152253)
  [1m[36m (0.1ms)[0m  [1mbegin transaction[0m
  [1m[35m (0.5ms)[0m  CREATE TABLE "users" ("id" INTEGER PRIMARY KEY AUTOINCREMENT NOT NULL, "name" varchar(255), "email" varchar(255), "created_at" datetime, "updated_at" datetime) 
  [1m[36mSQL (0.3ms)[0m  [1mINSERT INTO "schema_migrations" ("version") VALUES (?)[0m  [["version", "20140507152253"]]
  [1m[35m (4.0ms)[0m  commit transaction
  [1m[36mActiveRecord::SchemaMigration Load (0.2ms)[0m  [1mSELECT "schema_migrations".* FROM "schema_migrations"[0m
