info it worked if it ends with ok
verbose cli [ 'node', '/usr/bin/npm', 'install', 'express', 'logfmt', '--save' ]
info using npm@1.1.4
info using node@v0.6.12
verbose config file /home/vagrant/.npmrc
verbose config file /usr/etc/npmrc
verbose config file /usr/share/npm/npmrc
verbose caching /home/projeto-SACI/first_app/package.json
verbose loadDefaults first_app@0.0.0
verbose from cache /home/projeto-SACI/first_app/package.json
verbose readDependencies: using package.json deps
verbose cache add [ 'express', null ]
silly cache add: name, spec, args [ undefined, 'express', [ 'express', null ] ]
verbose parsed url { pathname: 'express', path: 'express', href: 'express' }
verbose cache add [ 'logfmt', null ]
silly cache add: name, spec, args [ undefined, 'logfmt', [ 'logfmt', null ] ]
verbose parsed url { pathname: 'logfmt', path: 'logfmt', href: 'logfmt' }
verbose addNamed [ 'express', '' ]
verbose addNamed [ null, '' ]
silly name, range, hasData [ 'express', '', false ]
verbose addNamed [ 'logfmt', '' ]
verbose addNamed [ null, '' ]
silly name, range, hasData [ 'logfmt', '', false ]
verbose raw, before any munging express
verbose url resolving [ 'https://registry.npmjs.org/', './express' ]
verbose url resolved https://registry.npmjs.org/express
http GET https://registry.npmjs.org/express
verbose raw, before any munging logfmt
verbose url resolving [ 'https://registry.npmjs.org/', './logfmt' ]
verbose url resolved https://registry.npmjs.org/logfmt
http GET https://registry.npmjs.org/logfmt
ERR! Error: failed to fetch from registry: logfmt
ERR!     at /usr/share/npm/lib/utils/npm-registry-client/get.js:139:12
ERR!     at cb (/usr/share/npm/lib/utils/npm-registry-client/request.js:31:9)
ERR!     at Request._callback (/usr/share/npm/lib/utils/npm-registry-client/request.js:136:18)
ERR!     at Request.callback (/usr/lib/nodejs/request/main.js:119:22)
ERR!     at Request.<anonymous> (/usr/lib/nodejs/request/main.js:212:58)
ERR!     at Request.emit (events.js:88:20)
ERR!     at ClientRequest.<anonymous> (/usr/lib/nodejs/request/main.js:412:12)
ERR!     at ClientRequest.emit (events.js:67:17)
ERR!     at HTTPParser.onIncoming (http.js:1261:11)
ERR!     at HTTPParser.onHeadersComplete (http.js:102:31)
ERR! You may report this log at:
ERR!     <http://bugs.debian.org/npm>
ERR! or use
ERR!     reportbug --attach /home/projeto-SACI/first_app/npm-debug.log npm
ERR! 
ERR! System Linux 3.2.0-23-generic-pae
ERR! command "node" "/usr/bin/npm" "install" "express" "logfmt" "--save"
ERR! cwd /home/projeto-SACI/first_app
ERR! node -v v0.6.12
ERR! npm -v 1.1.4
ERR! message failed to fetch from registry: logfmt
verbose exit [ 1, true ]
